<?xml version="1.0" encoding="UTF-8"?>
<testsuite xmlns:xsi="http://www.w3.org/2001/XMLSchema-instance" xsi:noNamespaceSchemaLocation="https://maven.apache.org/surefire/maven-surefire-plugin/xsd/surefire-test-report-3.0.xsd" version="3.0" name="bullishtest.RunCucumberTest" time="1.292" tests="22" errors="0" skipped="0" failures="0">
  <properties>
    <property name="java.specification.version" value="19"/>
    <property name="sun.jnu.encoding" value="UTF-8"/>
    <property name="java.class.path" value="/Users/molsiannievarghese/eclipse-workspace/bullishtest/target/test-classes:/Users/molsiannievarghese/eclipse-workspace/bullishtest/target/classes:/Users/molsiannievarghese/.m2/repository/io/cucumber/cucumber-java/7.5.0/cucumber-java-7.5.0.jar:/Users/molsiannievarghese/.m2/repository/io/cucumber/cucumber-core/7.5.0/cucumber-core-7.5.0.jar:/Users/molsiannievarghese/.m2/repository/io/cucumber/cucumber-gherkin/7.5.0/cucumber-gherkin-7.5.0.jar:/Users/molsiannievarghese/.m2/repository/io/cucumber/cucumber-gherkin-messages/7.5.0/cucumber-gherkin-messages-7.5.0.jar:/Users/molsiannievarghese/.m2/repository/io/cucumber/gherkin/23.0.1/gherkin-23.0.1.jar:/Users/molsiannievarghese/.m2/repository/io/cucumber/messages/18.0.0/messages-18.0.0.jar:/Users/molsiannievarghese/.m2/repository/io/cucumber/tag-expressions/4.1.0/tag-expressions-4.1.0.jar:/Users/molsiannievarghese/.m2/repository/io/cucumber/cucumber-expressions/16.0.0/cucumber-expressions-16.0.0.jar:/Users/molsiannievarghese/.m2/repository/io/cucumber/datatable/7.5.0/datatable-7.5.0.jar:/Users/molsiannievarghese/.m2/repository/io/cucumber/cucumber-plugin/7.5.0/cucumber-plugin-7.5.0.jar:/Users/molsiannievarghese/.m2/repository/io/cucumber/docstring/7.5.0/docstring-7.5.0.jar:/Users/molsiannievarghese/.m2/repository/io/cucumber/html-formatter/19.2.0/html-formatter-19.2.0.jar:/Users/molsiannievarghese/.m2/repository/io/cucumber/ci-environment/9.1.0/ci-environment-9.1.0.jar:/Users/molsiannievarghese/.m2/repository/org/apiguardian/apiguardian-api/1.1.2/apiguardian-api-1.1.2.jar:/Users/molsiannievarghese/.m2/repository/io/cucumber/cucumber-junit-platform-engine/7.5.0/cucumber-junit-platform-engine-7.5.0.jar:/Users/molsiannievarghese/.m2/repository/org/junit/platform/junit-platform-engine/1.9.0/junit-platform-engine-1.9.0.jar:/Users/molsiannievarghese/.m2/repository/org/opentest4j/opentest4j/1.2.0/opentest4j-1.2.0.jar:/Users/molsiannievarghese/.m2/repository/org/junit/platform/junit-platform-commons/1.9.0/junit-platform-commons-1.9.0.jar:/Users/molsiannievarghese/.m2/repository/org/junit/platform/junit-platform-suite/1.9.0/junit-platform-suite-1.9.0.jar:/Users/molsiannievarghese/.m2/repository/org/junit/platform/junit-platform-suite-api/1.9.0/junit-platform-suite-api-1.9.0.jar:/Users/molsiannievarghese/.m2/repository/org/junit/platform/junit-platform-suite-engine/1.9.0/junit-platform-suite-engine-1.9.0.jar:/Users/molsiannievarghese/.m2/repository/org/junit/platform/junit-platform-suite-commons/1.9.0/junit-platform-suite-commons-1.9.0.jar:/Users/molsiannievarghese/.m2/repository/org/junit/platform/junit-platform-launcher/1.9.0/junit-platform-launcher-1.9.0.jar:/Users/molsiannievarghese/.m2/repository/org/junit/jupiter/junit-jupiter/5.9.0/junit-jupiter-5.9.0.jar:/Users/molsiannievarghese/.m2/repository/org/junit/jupiter/junit-jupiter-api/5.9.0/junit-jupiter-api-5.9.0.jar:/Users/molsiannievarghese/.m2/repository/org/junit/jupiter/junit-jupiter-params/5.9.0/junit-jupiter-params-5.9.0.jar:/Users/molsiannievarghese/.m2/repository/org/junit/jupiter/junit-jupiter-engine/5.9.0/junit-jupiter-engine-5.9.0.jar:/Users/molsiannievarghese/.m2/repository/io/rest-assured/rest-assured/5.3.0/rest-assured-5.3.0.jar:/Users/molsiannievarghese/.m2/repository/org/apache/groovy/groovy/4.0.6/groovy-4.0.6.jar:/Users/molsiannievarghese/.m2/repository/org/apache/groovy/groovy-xml/4.0.6/groovy-xml-4.0.6.jar:/Users/molsiannievarghese/.m2/repository/org/apache/httpcomponents/httpclient/4.5.13/httpclient-4.5.13.jar:/Users/molsiannievarghese/.m2/repository/org/apache/httpcomponents/httpcore/4.4.13/httpcore-4.4.13.jar:/Users/molsiannievarghese/.m2/repository/commons-logging/commons-logging/1.2/commons-logging-1.2.jar:/Users/molsiannievarghese/.m2/repository/commons-codec/commons-codec/1.11/commons-codec-1.11.jar:/Users/molsiannievarghese/.m2/repository/org/apache/httpcomponents/httpmime/4.5.13/httpmime-4.5.13.jar:/Users/molsiannievarghese/.m2/repository/org/hamcrest/hamcrest/2.1/hamcrest-2.1.jar:/Users/molsiannievarghese/.m2/repository/org/ccil/cowan/tagsoup/tagsoup/1.2.1/tagsoup-1.2.1.jar:/Users/molsiannievarghese/.m2/repository/io/rest-assured/xml-path/5.3.0/xml-path-5.3.0.jar:/Users/molsiannievarghese/.m2/repository/io/rest-assured/json-path/5.3.0/json-path-5.3.0.jar:/Users/molsiannievarghese/.m2/repository/org/apache/groovy/groovy-json/4.0.6/groovy-json-4.0.6.jar:/Users/molsiannievarghese/.m2/repository/io/rest-assured/rest-assured-common/5.3.0/rest-assured-common-5.3.0.jar:/Users/molsiannievarghese/.m2/repository/io/rest-assured/json-schema-validator/5.3.0/json-schema-validator-5.3.0.jar:/Users/molsiannievarghese/.m2/repository/com/github/java-json-tools/json-schema-validator/2.2.14/json-schema-validator-2.2.14.jar:/Users/molsiannievarghese/.m2/repository/com/github/java-json-tools/jackson-coreutils-equivalence/1.0/jackson-coreutils-equivalence-1.0.jar:/Users/molsiannievarghese/.m2/repository/com/github/java-json-tools/jackson-coreutils/2.0/jackson-coreutils-2.0.jar:/Users/molsiannievarghese/.m2/repository/com/github/java-json-tools/msg-simple/1.2/msg-simple-1.2.jar:/Users/molsiannievarghese/.m2/repository/com/github/java-json-tools/btf/1.3/btf-1.3.jar:/Users/molsiannievarghese/.m2/repository/com/github/java-json-tools/json-schema-core/1.2.14/json-schema-core-1.2.14.jar:/Users/molsiannievarghese/.m2/repository/com/github/java-json-tools/uri-template/0.10/uri-template-0.10.jar:/Users/molsiannievarghese/.m2/repository/org/mozilla/rhino/1.7.7.2/rhino-1.7.7.2.jar:/Users/molsiannievarghese/.m2/repository/com/sun/mail/mailapi/1.6.2/mailapi-1.6.2.jar:/Users/molsiannievarghese/.m2/repository/com/googlecode/libphonenumber/libphonenumber/8.11.1/libphonenumber-8.11.1.jar:/Users/molsiannievarghese/.m2/repository/com/google/code/findbugs/jsr305/3.0.2/jsr305-3.0.2.jar:/Users/molsiannievarghese/.m2/repository/net/sf/jopt-simple/jopt-simple/5.0.4/jopt-simple-5.0.4.jar:/Users/molsiannievarghese/.m2/repository/com/googlecode/json-simple/json-simple/1.1.1/json-simple-1.1.1.jar:/Users/molsiannievarghese/.m2/repository/junit/junit/4.10/junit-4.10.jar:/Users/molsiannievarghese/.m2/repository/org/hamcrest/hamcrest-core/1.1/hamcrest-core-1.1.jar:/Users/molsiannievarghese/.m2/repository/com/aventstack/extentreports/5.0.9/extentreports-5.0.9.jar:/Users/molsiannievarghese/.m2/repository/io/reactivex/rxjava3/rxjava/3.0.4/rxjava-3.0.4.jar:/Users/molsiannievarghese/.m2/repository/org/reactivestreams/reactive-streams/1.0.3/reactive-streams-1.0.3.jar:/Users/molsiannievarghese/.m2/repository/org/freemarker/freemarker/2.3.30/freemarker-2.3.30.jar:/Users/molsiannievarghese/.m2/repository/com/google/code/gson/gson/2.8.6/gson-2.8.6.jar:/Users/molsiannievarghese/.m2/repository/com/vimalselvam/cucumber-extentsreport/3.1.1/cucumber-extentsreport-3.1.1.jar:/Users/molsiannievarghese/.m2/repository/org/projectlombok/lombok/1.18.24/lombok-1.18.24.jar:/Users/molsiannievarghese/.m2/repository/net/masterthought/cucumber-reporting/5.6.1/cucumber-reporting-5.6.1.jar:/Users/molsiannievarghese/.m2/repository/com/fasterxml/jackson/core/jackson-databind/2.12.1/jackson-databind-2.12.1.jar:/Users/molsiannievarghese/.m2/repository/com/fasterxml/jackson/core/jackson-annotations/2.12.1/jackson-annotations-2.12.1.jar:/Users/molsiannievarghese/.m2/repository/com/fasterxml/jackson/core/jackson-core/2.12.1/jackson-core-2.12.1.jar:/Users/molsiannievarghese/.m2/repository/com/fasterxml/jackson/datatype/jackson-datatype-jsr310/2.12.1/jackson-datatype-jsr310-2.12.1.jar:/Users/molsiannievarghese/.m2/repository/org/apache/velocity/velocity-engine-core/2.3/velocity-engine-core-2.3.jar:/Users/molsiannievarghese/.m2/repository/org/slf4j/slf4j-api/1.7.30/slf4j-api-1.7.30.jar:/Users/molsiannievarghese/.m2/repository/commons-collections/commons-collections/3.2.2/commons-collections-3.2.2.jar:/Users/molsiannievarghese/.m2/repository/joda-time/joda-time/2.10.10/joda-time-2.10.10.jar:/Users/molsiannievarghese/.m2/repository/org/apache/commons/commons-lang3/3.12.0/commons-lang3-3.12.0.jar:/Users/molsiannievarghese/.m2/repository/commons-io/commons-io/2.7/commons-io-2.7.jar:/Users/molsiannievarghese/.m2/repository/org/codehaus/plexus/plexus-utils/3.3.0/plexus-utils-3.3.0.jar:/Users/molsiannievarghese/.m2/repository/org/jsoup/jsoup/1.14.2/jsoup-1.14.2.jar:/Users/molsiannievarghese/.m2/repository/com/google/guava/guava/30.1.1-jre/guava-30.1.1-jre.jar:/Users/molsiannievarghese/.m2/repository/com/google/guava/failureaccess/1.0.1/failureaccess-1.0.1.jar:/Users/molsiannievarghese/.m2/repository/com/google/guava/listenablefuture/9999.0-empty-to-avoid-conflict-with-guava/listenablefuture-9999.0-empty-to-avoid-conflict-with-guava.jar:/Users/molsiannievarghese/.m2/repository/org/checkerframework/checker-qual/3.8.0/checker-qual-3.8.0.jar:/Users/molsiannievarghese/.m2/repository/com/google/errorprone/error_prone_annotations/2.5.1/error_prone_annotations-2.5.1.jar:/Users/molsiannievarghese/.m2/repository/com/google/j2objc/j2objc-annotations/1.3/j2objc-annotations-1.3.jar:/Users/molsiannievarghese/.m2/repository/com/googlecode/owasp-java-html-sanitizer/owasp-java-html-sanitizer/20211018.2/owasp-java-html-sanitizer-20211018.2.jar:/Users/molsiannievarghese/.m2/repository/commons-configuration/commons-configuration/1.10/commons-configuration-1.10.jar:/Users/molsiannievarghese/.m2/repository/commons-lang/commons-lang/2.6/commons-lang-2.6.jar:"/>
    <property name="java.vm.vendor" value="Oracle Corporation"/>
    <property name="sun.arch.data.model" value="64"/>
    <property name="java.vendor.url" value="https://java.oracle.com/"/>
    <property name="user.timezone" value="America/New_York"/>
    <property name="os.name" value="Mac OS X"/>
    <property name="java.vm.specification.version" value="19"/>
    <property name="sun.java.launcher" value="SUN_STANDARD"/>
    <property name="user.country" value="US"/>
    <property name="sun.boot.library.path" value="/Library/Java/JavaVirtualMachines/jdk-19.jdk/Contents/Home/lib"/>
    <property name="sun.java.command" value="/Users/molsiannievarghese/eclipse-workspace/bullishtest/target/surefire/surefirebooter-20221219201624637_3.jar /Users/molsiannievarghese/eclipse-workspace/bullishtest/target/surefire 2022-12-19T20-16-24_533-jvmRun1 surefire-20221219201624637_1tmp surefire_0-20221219201624637_2tmp"/>
    <property name="http.nonProxyHosts" value="local|*.local|169.254/16|*.169.254/16"/>
    <property name="jdk.debug" value="release"/>
    <property name="surefire.test.class.path" value="/Users/molsiannievarghese/eclipse-workspace/bullishtest/target/test-classes:/Users/molsiannievarghese/eclipse-workspace/bullishtest/target/classes:/Users/molsiannievarghese/.m2/repository/io/cucumber/cucumber-java/7.5.0/cucumber-java-7.5.0.jar:/Users/molsiannievarghese/.m2/repository/io/cucumber/cucumber-core/7.5.0/cucumber-core-7.5.0.jar:/Users/molsiannievarghese/.m2/repository/io/cucumber/cucumber-gherkin/7.5.0/cucumber-gherkin-7.5.0.jar:/Users/molsiannievarghese/.m2/repository/io/cucumber/cucumber-gherkin-messages/7.5.0/cucumber-gherkin-messages-7.5.0.jar:/Users/molsiannievarghese/.m2/repository/io/cucumber/gherkin/23.0.1/gherkin-23.0.1.jar:/Users/molsiannievarghese/.m2/repository/io/cucumber/messages/18.0.0/messages-18.0.0.jar:/Users/molsiannievarghese/.m2/repository/io/cucumber/tag-expressions/4.1.0/tag-expressions-4.1.0.jar:/Users/molsiannievarghese/.m2/repository/io/cucumber/cucumber-expressions/16.0.0/cucumber-expressions-16.0.0.jar:/Users/molsiannievarghese/.m2/repository/io/cucumber/datatable/7.5.0/datatable-7.5.0.jar:/Users/molsiannievarghese/.m2/repository/io/cucumber/cucumber-plugin/7.5.0/cucumber-plugin-7.5.0.jar:/Users/molsiannievarghese/.m2/repository/io/cucumber/docstring/7.5.0/docstring-7.5.0.jar:/Users/molsiannievarghese/.m2/repository/io/cucumber/html-formatter/19.2.0/html-formatter-19.2.0.jar:/Users/molsiannievarghese/.m2/repository/io/cucumber/ci-environment/9.1.0/ci-environment-9.1.0.jar:/Users/molsiannievarghese/.m2/repository/org/apiguardian/apiguardian-api/1.1.2/apiguardian-api-1.1.2.jar:/Users/molsiannievarghese/.m2/repository/io/cucumber/cucumber-junit-platform-engine/7.5.0/cucumber-junit-platform-engine-7.5.0.jar:/Users/molsiannievarghese/.m2/repository/org/junit/platform/junit-platform-engine/1.9.0/junit-platform-engine-1.9.0.jar:/Users/molsiannievarghese/.m2/repository/org/opentest4j/opentest4j/1.2.0/opentest4j-1.2.0.jar:/Users/molsiannievarghese/.m2/repository/org/junit/platform/junit-platform-commons/1.9.0/junit-platform-commons-1.9.0.jar:/Users/molsiannievarghese/.m2/repository/org/junit/platform/junit-platform-suite/1.9.0/junit-platform-suite-1.9.0.jar:/Users/molsiannievarghese/.m2/repository/org/junit/platform/junit-platform-suite-api/1.9.0/junit-platform-suite-api-1.9.0.jar:/Users/molsiannievarghese/.m2/repository/org/junit/platform/junit-platform-suite-engine/1.9.0/junit-platform-suite-engine-1.9.0.jar:/Users/molsiannievarghese/.m2/repository/org/junit/platform/junit-platform-suite-commons/1.9.0/junit-platform-suite-commons-1.9.0.jar:/Users/molsiannievarghese/.m2/repository/org/junit/platform/junit-platform-launcher/1.9.0/junit-platform-launcher-1.9.0.jar:/Users/molsiannievarghese/.m2/repository/org/junit/jupiter/junit-jupiter/5.9.0/junit-jupiter-5.9.0.jar:/Users/molsiannievarghese/.m2/repository/org/junit/jupiter/junit-jupiter-api/5.9.0/junit-jupiter-api-5.9.0.jar:/Users/molsiannievarghese/.m2/repository/org/junit/jupiter/junit-jupiter-params/5.9.0/junit-jupiter-params-5.9.0.jar:/Users/molsiannievarghese/.m2/repository/org/junit/jupiter/junit-jupiter-engine/5.9.0/junit-jupiter-engine-5.9.0.jar:/Users/molsiannievarghese/.m2/repository/io/rest-assured/rest-assured/5.3.0/rest-assured-5.3.0.jar:/Users/molsiannievarghese/.m2/repository/org/apache/groovy/groovy/4.0.6/groovy-4.0.6.jar:/Users/molsiannievarghese/.m2/repository/org/apache/groovy/groovy-xml/4.0.6/groovy-xml-4.0.6.jar:/Users/molsiannievarghese/.m2/repository/org/apache/httpcomponents/httpclient/4.5.13/httpclient-4.5.13.jar:/Users/molsiannievarghese/.m2/repository/org/apache/httpcomponents/httpcore/4.4.13/httpcore-4.4.13.jar:/Users/molsiannievarghese/.m2/repository/commons-logging/commons-logging/1.2/commons-logging-1.2.jar:/Users/molsiannievarghese/.m2/repository/commons-codec/commons-codec/1.11/commons-codec-1.11.jar:/Users/molsiannievarghese/.m2/repository/org/apache/httpcomponents/httpmime/4.5.13/httpmime-4.5.13.jar:/Users/molsiannievarghese/.m2/repository/org/hamcrest/hamcrest/2.1/hamcrest-2.1.jar:/Users/molsiannievarghese/.m2/repository/org/ccil/cowan/tagsoup/tagsoup/1.2.1/tagsoup-1.2.1.jar:/Users/molsiannievarghese/.m2/repository/io/rest-assured/xml-path/5.3.0/xml-path-5.3.0.jar:/Users/molsiannievarghese/.m2/repository/io/rest-assured/json-path/5.3.0/json-path-5.3.0.jar:/Users/molsiannievarghese/.m2/repository/org/apache/groovy/groovy-json/4.0.6/groovy-json-4.0.6.jar:/Users/molsiannievarghese/.m2/repository/io/rest-assured/rest-assured-common/5.3.0/rest-assured-common-5.3.0.jar:/Users/molsiannievarghese/.m2/repository/io/rest-assured/json-schema-validator/5.3.0/json-schema-validator-5.3.0.jar:/Users/molsiannievarghese/.m2/repository/com/github/java-json-tools/json-schema-validator/2.2.14/json-schema-validator-2.2.14.jar:/Users/molsiannievarghese/.m2/repository/com/github/java-json-tools/jackson-coreutils-equivalence/1.0/jackson-coreutils-equivalence-1.0.jar:/Users/molsiannievarghese/.m2/repository/com/github/java-json-tools/jackson-coreutils/2.0/jackson-coreutils-2.0.jar:/Users/molsiannievarghese/.m2/repository/com/github/java-json-tools/msg-simple/1.2/msg-simple-1.2.jar:/Users/molsiannievarghese/.m2/repository/com/github/java-json-tools/btf/1.3/btf-1.3.jar:/Users/molsiannievarghese/.m2/repository/com/github/java-json-tools/json-schema-core/1.2.14/json-schema-core-1.2.14.jar:/Users/molsiannievarghese/.m2/repository/com/github/java-json-tools/uri-template/0.10/uri-template-0.10.jar:/Users/molsiannievarghese/.m2/repository/org/mozilla/rhino/1.7.7.2/rhino-1.7.7.2.jar:/Users/molsiannievarghese/.m2/repository/com/sun/mail/mailapi/1.6.2/mailapi-1.6.2.jar:/Users/molsiannievarghese/.m2/repository/com/googlecode/libphonenumber/libphonenumber/8.11.1/libphonenumber-8.11.1.jar:/Users/molsiannievarghese/.m2/repository/com/google/code/findbugs/jsr305/3.0.2/jsr305-3.0.2.jar:/Users/molsiannievarghese/.m2/repository/net/sf/jopt-simple/jopt-simple/5.0.4/jopt-simple-5.0.4.jar:/Users/molsiannievarghese/.m2/repository/com/googlecode/json-simple/json-simple/1.1.1/json-simple-1.1.1.jar:/Users/molsiannievarghese/.m2/repository/junit/junit/4.10/junit-4.10.jar:/Users/molsiannievarghese/.m2/repository/org/hamcrest/hamcrest-core/1.1/hamcrest-core-1.1.jar:/Users/molsiannievarghese/.m2/repository/com/aventstack/extentreports/5.0.9/extentreports-5.0.9.jar:/Users/molsiannievarghese/.m2/repository/io/reactivex/rxjava3/rxjava/3.0.4/rxjava-3.0.4.jar:/Users/molsiannievarghese/.m2/repository/org/reactivestreams/reactive-streams/1.0.3/reactive-streams-1.0.3.jar:/Users/molsiannievarghese/.m2/repository/org/freemarker/freemarker/2.3.30/freemarker-2.3.30.jar:/Users/molsiannievarghese/.m2/repository/com/google/code/gson/gson/2.8.6/gson-2.8.6.jar:/Users/molsiannievarghese/.m2/repository/com/vimalselvam/cucumber-extentsreport/3.1.1/cucumber-extentsreport-3.1.1.jar:/Users/molsiannievarghese/.m2/repository/org/projectlombok/lombok/1.18.24/lombok-1.18.24.jar:/Users/molsiannievarghese/.m2/repository/net/masterthought/cucumber-reporting/5.6.1/cucumber-reporting-5.6.1.jar:/Users/molsiannievarghese/.m2/repository/com/fasterxml/jackson/core/jackson-databind/2.12.1/jackson-databind-2.12.1.jar:/Users/molsiannievarghese/.m2/repository/com/fasterxml/jackson/core/jackson-annotations/2.12.1/jackson-annotations-2.12.1.jar:/Users/molsiannievarghese/.m2/repository/com/fasterxml/jackson/core/jackson-core/2.12.1/jackson-core-2.12.1.jar:/Users/molsiannievarghese/.m2/repository/com/fasterxml/jackson/datatype/jackson-datatype-jsr310/2.12.1/jackson-datatype-jsr310-2.12.1.jar:/Users/molsiannievarghese/.m2/repository/org/apache/velocity/velocity-engine-core/2.3/velocity-engine-core-2.3.jar:/Users/molsiannievarghese/.m2/repository/org/slf4j/slf4j-api/1.7.30/slf4j-api-1.7.30.jar:/Users/molsiannievarghese/.m2/repository/commons-collections/commons-collections/3.2.2/commons-collections-3.2.2.jar:/Users/molsiannievarghese/.m2/repository/joda-time/joda-time/2.10.10/joda-time-2.10.10.jar:/Users/molsiannievarghese/.m2/repository/org/apache/commons/commons-lang3/3.12.0/commons-lang3-3.12.0.jar:/Users/molsiannievarghese/.m2/repository/commons-io/commons-io/2.7/commons-io-2.7.jar:/Users/molsiannievarghese/.m2/repository/org/codehaus/plexus/plexus-utils/3.3.0/plexus-utils-3.3.0.jar:/Users/molsiannievarghese/.m2/repository/org/jsoup/jsoup/1.14.2/jsoup-1.14.2.jar:/Users/molsiannievarghese/.m2/repository/com/google/guava/guava/30.1.1-jre/guava-30.1.1-jre.jar:/Users/molsiannievarghese/.m2/repository/com/google/guava/failureaccess/1.0.1/failureaccess-1.0.1.jar:/Users/molsiannievarghese/.m2/repository/com/google/guava/listenablefuture/9999.0-empty-to-avoid-conflict-with-guava/listenablefuture-9999.0-empty-to-avoid-conflict-with-guava.jar:/Users/molsiannievarghese/.m2/repository/org/checkerframework/checker-qual/3.8.0/checker-qual-3.8.0.jar:/Users/molsiannievarghese/.m2/repository/com/google/errorprone/error_prone_annotations/2.5.1/error_prone_annotations-2.5.1.jar:/Users/molsiannievarghese/.m2/repository/com/google/j2objc/j2objc-annotations/1.3/j2objc-annotations-1.3.jar:/Users/molsiannievarghese/.m2/repository/com/googlecode/owasp-java-html-sanitizer/owasp-java-html-sanitizer/20211018.2/owasp-java-html-sanitizer-20211018.2.jar:/Users/molsiannievarghese/.m2/repository/commons-configuration/commons-configuration/1.10/commons-configuration-1.10.jar:/Users/molsiannievarghese/.m2/repository/commons-lang/commons-lang/2.6/commons-lang-2.6.jar:"/>
    <property name="sun.cpu.endian" value="little"/>
    <property name="user.home" value="/Users/molsiannievarghese"/>
    <property name="user.language" value="en"/>
    <property name="java.specification.vendor" value="Oracle Corporation"/>
    <property name="java.version.date" value="2022-10-18"/>
    <property name="java.home" value="/Library/Java/JavaVirtualMachines/jdk-19.jdk/Contents/Home"/>
    <property name="file.separator" value="/"/>
    <property name="basedir" value="/Users/molsiannievarghese/eclipse-workspace/bullishtest"/>
    <property name="java.vm.compressedOopsMode" value="Zero based"/>
    <property name="line.separator" value="&#10;"/>
    <property name="java.vm.specification.vendor" value="Oracle Corporation"/>
    <property name="java.specification.name" value="Java Platform API Specification"/>
    <property name="apple.awt.application.name" value="ForkedBooter"/>
    <property name="surefire.real.class.path" value="/Users/molsiannievarghese/eclipse-workspace/bullishtest/target/surefire/surefirebooter-20221219201624637_3.jar"/>
    <property name="sun.management.compiler" value="HotSpot 64-Bit Tiered Compilers"/>
    <property name="ftp.nonProxyHosts" value="local|*.local|169.254/16|*.169.254/16"/>
    <property name="java.runtime.version" value="19.0.1+10-21"/>
    <property name="user.name" value="molsiannievarghese"/>
    <property name="stdout.encoding" value="UTF-8"/>
    <property name="path.separator" value=":"/>
    <property name="os.version" value="13.0"/>
    <property name="java.runtime.name" value="Java(TM) SE Runtime Environment"/>
    <property name="file.encoding" value="UTF-8"/>
    <property name="java.vm.name" value="Java HotSpot(TM) 64-Bit Server VM"/>
    <property name="localRepository" value="/Users/molsiannievarghese/.m2/repository"/>
    <property name="java.vendor.url.bug" value="https://bugreport.java.com/bugreport/"/>
    <property name="java.io.tmpdir" value="/var/folders/ts/7ncq2pxj695d9l_kc36wvkbr0000gn/T/"/>
    <property name="java.version" value="19.0.1"/>
    <property name="user.dir" value="/Users/molsiannievarghese/eclipse-workspace/bullishtest"/>
    <property name="os.arch" value="aarch64"/>
    <property name="java.vm.specification.name" value="Java Virtual Machine Specification"/>
    <property name="native.encoding" value="UTF-8"/>
    <property name="java.library.path" value="/Users/molsiannievarghese/Library/Java/Extensions:/Library/Java/Extensions:/Network/Library/Java/Extensions:/System/Library/Java/Extensions:/usr/lib/java:."/>
    <property name="java.vm.info" value="mixed mode, sharing"/>
    <property name="stderr.encoding" value="UTF-8"/>
    <property name="java.vendor" value="Oracle Corporation"/>
    <property name="java.vm.version" value="19.0.1+10-21"/>
    <property name="sun.io.unicode.encoding" value="UnicodeBig"/>
    <property name="socksNonProxyHosts" value="local|*.local|169.254/16|*.169.254/16"/>
    <property name="java.class.version" value="63.0"/>
  </properties>
  <testcase name="Positive test for post: valid parameters" classname="Testing POST API" time="0.631">
    <system-out><![CDATA[
@tag @tag1
Scenario: Positive test for post: valid parameters &amp#27;[90m# bullishtest/01_post.feature:8&amp#27;[0m
  &amp#27;[32mWhen &amp#27;[0m&amp#27;[32mI post with valid parameters&amp#27;[0m                &amp#27;[90m# bullishtest.StepDefinitions.i_post_with_valid_parameters()&amp#27;[0m
  &amp#27;[32mThen &amp#27;[0m&amp#27;[32mI should get no error with post&amp#27;[0m             &amp#27;[90m# bullishtest.StepDefinitions.i_should_get_no_error_with_post()&amp#27;[0m
]]></system-out>
  </testcase>
  <testcase name=": Positive test for post: extra parameters" classname="Testing POST API" time="0.012">
    <system-out><![CDATA[
@tag @tag2
Scenario Outline: : Positive test for post: extra parameters &amp#27;[90m# bullishtest/01_post.feature:13&amp#27;[0m
  &amp#27;[32mWhen &amp#27;[0m&amp#27;[32mI call &amp#27;[0m&amp#27;[32m&amp#27;[1m"post"&amp#27;[0m&amp#27;[32m with extra parameters&amp#27;[0m                   &amp#27;[90m# bullishtest.StepDefinitions.i_post_put_with_extra_parameters(java.lang.String)&amp#27;[0m
  &amp#27;[32mThen &amp#27;[0m&amp#27;[32mI should get no error with post&amp#27;[0m                       &amp#27;[90m# bullishtest.StepDefinitions.i_should_get_no_error_with_post()&amp#27;[0m
]]></system-out>
  </testcase>
  <testcase name=": Negative test for post: no parameters" classname="Testing POST API" time="0.06">
    <system-out><![CDATA[
@tag @tag3
Scenario Outline: : Negative test for post: no parameters                                          &amp#27;[90m# bullishtest/01_post.feature:18&amp#27;[0m
  &amp#27;[32mWhen &amp#27;[0m&amp#27;[32mI call &amp#27;[0m&amp#27;[32m&amp#27;[1m"post"&amp#27;[0m&amp#27;[32m with no parameters&amp#27;[0m                                                            &amp#27;[90m# bullishtest.StepDefinitions.i_post_put_with_no_parameters(java.lang.String)&amp#27;[0m
  &amp#27;[32mThen &amp#27;[0m&amp#27;[32mI should get expected error code &amp#27;[0m&amp#27;[32m&amp#27;[1m"400"&amp#27;[0m&amp#27;[32m and error message &amp#27;[0m&amp#27;[32m&amp#27;[1m"Required request body is missing"&amp#27;[0m &amp#27;[90m# bullishtest.StepDefinitions.i_should_get_expected_error(java.lang.String,java.lang.String)&amp#27;[0m
]]></system-out>
  </testcase>
  <testcase name=": Negative test for post: invalid parameters" classname="Testing POST API" time="0.012">
    <system-out><![CDATA[
@tag @tag4
Scenario Outline: : Negative test for post: invalid parameters                      &amp#27;[90m# bullishtest/01_post.feature:23&amp#27;[0m
  &amp#27;[32mWhen &amp#27;[0m&amp#27;[32mI call &amp#27;[0m&amp#27;[32m&amp#27;[1m"post"&amp#27;[0m&amp#27;[32m with invalid parameters&amp#27;[0m                                        &amp#27;[90m# bullishtest.StepDefinitions.i_post_with_invalid_parameters(java.lang.String)&amp#27;[0m
  &amp#27;[32mThen &amp#27;[0m&amp#27;[32mI should get expected error code &amp#27;[0m&amp#27;[32m&amp#27;[1m"400"&amp#27;[0m&amp#27;[32m and error message &amp#27;[0m&amp#27;[32m&amp#27;[1m"Validation failed"&amp#27;[0m &amp#27;[90m# bullishtest.StepDefinitions.i_should_get_expected_error(java.lang.String,java.lang.String)&amp#27;[0m
]]></system-out>
  </testcase>
  <testcase name=": Negative test for post: lesser parameters" classname="Testing POST API" time="0.017">
    <system-out><![CDATA[
@tag @tag5
Scenario Outline: : Negative test for post: lesser parameters                       &amp#27;[90m# bullishtest/01_post.feature:28&amp#27;[0m
  &amp#27;[32mWhen &amp#27;[0m&amp#27;[32mI post with lesser parameters&amp#27;[0m                                                &amp#27;[90m# bullishtest.StepDefinitions.i_post_with_lesser_parameters()&amp#27;[0m
  &amp#27;[32mThen &amp#27;[0m&amp#27;[32mI should get expected error code &amp#27;[0m&amp#27;[32m&amp#27;[1m"400"&amp#27;[0m&amp#27;[32m and error message &amp#27;[0m&amp#27;[32m&amp#27;[1m"Validation failed"&amp#27;[0m &amp#27;[90m# bullishtest.StepDefinitions.i_should_get_expected_error(java.lang.String,java.lang.String)&amp#27;[0m
]]></system-out>
  </testcase>
  <testcase name=": Negative test for post: duplicate parameters" classname="Testing POST API" time="0.049">
    <system-out><![CDATA[
@tag @tag6
Scenario Outline: : Negative test for post: duplicate parameters                         &amp#27;[90m# bullishtest/01_post.feature:33&amp#27;[0m
  &amp#27;[32mWhen &amp#27;[0m&amp#27;[32mI post with duplicate parameters&amp#27;[0m                                                  &amp#27;[90m# bullishtest.StepDefinitions.i_post_with_duplicate_parameters()&amp#27;[0m
  &amp#27;[32mThen &amp#27;[0m&amp#27;[32mI should get expected error code &amp#27;[0m&amp#27;[32m&amp#27;[1m"500"&amp#27;[0m&amp#27;[32m and error message &amp#27;[0m&amp#27;[32m&amp#27;[1m"Student already exists"&amp#27;[0m &amp#27;[90m# bullishtest.StepDefinitions.i_should_get_expected_error(java.lang.String,java.lang.String)&amp#27;[0m
]]></system-out>
  </testcase>
  <testcase name=": Positive test for get: no parameters" classname="Testing GET API" time="0.138">
    <system-out><![CDATA[
@tag @tag1
Scenario Outline: : Positive test for get: no parameters &amp#27;[90m# bullishtest/02_get.feature:8&amp#27;[0m
  &amp#27;[32mGiven &amp#27;[0m&amp#27;[32mI have students in the table&amp#27;[0m                     &amp#27;[90m# bullishtest.StepDefinitions.i_have_students_in_the_table()&amp#27;[0m
  &amp#27;[32mWhen &amp#27;[0m&amp#27;[32mI call &amp#27;[0m&amp#27;[32m&amp#27;[1m"get"&amp#27;[0m&amp#27;[32m with no parameters&amp#27;[0m                   &amp#27;[90m# bullishtest.StepDefinitions.i_post_put_with_no_parameters(java.lang.String)&amp#27;[0m
  &amp#27;[32mThen &amp#27;[0m&amp#27;[32mI should get no error with get&amp#27;[0m                    &amp#27;[90m# bullishtest.StepDefinitions.i_should_get_no_error_with_get()&amp#27;[0m
]]></system-out>
  </testcase>
  <testcase name="Positive test for get: parameter id" classname="Testing GET API" time="0.061">
    <system-out><![CDATA[
@tag @tag2
Scenario: Positive test for get: parameter id         &amp#27;[90m# bullishtest/02_get.feature:14&amp#27;[0m
  &amp#27;[32mGiven &amp#27;[0m&amp#27;[32mI have students in the table&amp#27;[0m                  &amp#27;[90m# bullishtest.StepDefinitions.i_have_students_in_the_table()&amp#27;[0m
  &amp#27;[32mWhen &amp#27;[0m&amp#27;[32mI get the list of students with &amp#27;[0m&amp#27;[32m&amp#27;[1m"id"&amp#27;[0m&amp#27;[32m parameter&amp#27;[0m &amp#27;[90m# bullishtest.StepDefinitions.i_get_the_list_of_students_with_parameter(java.lang.String)&amp#27;[0m
  &amp#27;[32mThen &amp#27;[0m&amp#27;[32mI should get no error with get&amp#27;[0m                 &amp#27;[90m# bullishtest.StepDefinitions.i_should_get_no_error_with_get()&amp#27;[0m
]]></system-out>
  </testcase>
  <testcase name="Positive test for get: parameter studentClass" classname="Testing GET API" time="0.027">
    <system-out><![CDATA[
@tag @tag3
Scenario: Positive test for get: parameter studentClass         &amp#27;[90m# bullishtest/02_get.feature:20&amp#27;[0m
  &amp#27;[32mGiven &amp#27;[0m&amp#27;[32mI have students in the table&amp#27;[0m                            &amp#27;[90m# bullishtest.StepDefinitions.i_have_students_in_the_table()&amp#27;[0m
  &amp#27;[32mWhen &amp#27;[0m&amp#27;[32mI get the list of students with &amp#27;[0m&amp#27;[32m&amp#27;[1m"studentClass"&amp#27;[0m&amp#27;[32m parameter&amp#27;[0m &amp#27;[90m# bullishtest.StepDefinitions.i_get_the_list_of_students_with_parameter(java.lang.String)&amp#27;[0m
  &amp#27;[32mThen &amp#27;[0m&amp#27;[32mI should get no error with get&amp#27;[0m                           &amp#27;[90m# bullishtest.StepDefinitions.i_should_get_no_error_with_get()&amp#27;[0m
]]></system-out>
  </testcase>
  <testcase name="Positive test for get: parameter id and studentClass" classname="Testing GET API" time="0.027">
    <system-out><![CDATA[
@tag @tag4
Scenario: Positive test for get: parameter id and studentClass      &amp#27;[90m# bullishtest/02_get.feature:26&amp#27;[0m
  &amp#27;[32mGiven &amp#27;[0m&amp#27;[32mI have students in the table&amp#27;[0m                                &amp#27;[90m# bullishtest.StepDefinitions.i_have_students_in_the_table()&amp#27;[0m
  &amp#27;[32mWhen &amp#27;[0m&amp#27;[32mI get the list of students with &amp#27;[0m&amp#27;[32m&amp#27;[1m"id, studentClass"&amp#27;[0m&amp#27;[32m parameter&amp#27;[0m &amp#27;[90m# bullishtest.StepDefinitions.i_get_the_list_of_students_with_parameter(java.lang.String)&amp#27;[0m
  &amp#27;[32mThen &amp#27;[0m&amp#27;[32mI should get no error with get&amp#27;[0m                               &amp#27;[90m# bullishtest.StepDefinitions.i_should_get_no_error_with_get()&amp#27;[0m
]]></system-out>
  </testcase>
  <testcase name="Negative test for get: value of parameter studentClass is wrong" classname="Testing GET API" time="0.018">
    <system-out><![CDATA[
@tag @tag5
Scenario: Negative test for get: value of parameter studentClass is wrong &amp#27;[90m# bullishtest/02_get.feature:32&amp#27;[0m
  &amp#27;[32mGiven &amp#27;[0m&amp#27;[32mI have students in the table&amp#27;[0m                                      &amp#27;[90m# bullishtest.StepDefinitions.i_have_students_in_the_table()&amp#27;[0m
  &amp#27;[32mWhen &amp#27;[0m&amp#27;[32mI get the list of students with wrong &amp#27;[0m&amp#27;[32m&amp#27;[1m"studentClass"&amp#27;[0m&amp#27;[32m parameter&amp#27;[0m     &amp#27;[90m# bullishtest.StepDefinitions.i_get_the_list_of_students_with_wrong_parameter(java.lang.String)&amp#27;[0m
  &amp#27;[32mThen &amp#27;[0m&amp#27;[32mI should get empty list&amp#27;[0m                                            &amp#27;[90m# bullishtest.StepDefinitions.i_should_get_an_empty_list()&amp#27;[0m
]]></system-out>
  </testcase>
  <testcase name="Negative test for get: value of parameter id is wrong" classname="Testing GET API" time="0.018">
    <system-out><![CDATA[
@tag @tag6
Scenario: Negative test for get: value of parameter id is wrong &amp#27;[90m# bullishtest/02_get.feature:38&amp#27;[0m
  &amp#27;[32mGiven &amp#27;[0m&amp#27;[32mI have students in the table&amp#27;[0m                            &amp#27;[90m# bullishtest.StepDefinitions.i_have_students_in_the_table()&amp#27;[0m
  &amp#27;[32mWhen &amp#27;[0m&amp#27;[32mI get the list of students with wrong &amp#27;[0m&amp#27;[32m&amp#27;[1m"id"&amp#27;[0m&amp#27;[32m parameter&amp#27;[0m     &amp#27;[90m# bullishtest.StepDefinitions.i_get_the_list_of_students_with_wrong_parameter(java.lang.String)&amp#27;[0m
  &amp#27;[32mThen &amp#27;[0m&amp#27;[32mI should get empty list&amp#27;[0m                                  &amp#27;[90m# bullishtest.StepDefinitions.i_should_get_an_empty_list()&amp#27;[0m
]]></system-out>
  </testcase>
  <testcase name="Negative test for get: value of parameter id and studentClass is wrong" classname="Testing GET API" time="0.017">
    <system-out><![CDATA[
@tag @tag7
Scenario: Negative test for get: value of parameter id and studentClass is wrong &amp#27;[90m# bullishtest/02_get.feature:44&amp#27;[0m
  &amp#27;[32mGiven &amp#27;[0m&amp#27;[32mI have students in the table&amp#27;[0m                                             &amp#27;[90m# bullishtest.StepDefinitions.i_have_students_in_the_table()&amp#27;[0m
  &amp#27;[32mWhen &amp#27;[0m&amp#27;[32mI get the list of students with wrong &amp#27;[0m&amp#27;[32m&amp#27;[1m"id, studentClass"&amp#27;[0m&amp#27;[32m parameter&amp#27;[0m        &amp#27;[90m# bullishtest.StepDefinitions.i_get_the_list_of_students_with_wrong_parameter(java.lang.String)&amp#27;[0m
  &amp#27;[32mThen &amp#27;[0m&amp#27;[32mI should get empty list&amp#27;[0m                                                   &amp#27;[90m# bullishtest.StepDefinitions.i_should_get_an_empty_list()&amp#27;[0m
]]></system-out>
  </testcase>
  <testcase name="Positive test for put: all parameters" classname="Testing PUT API" time="0.019">
    <system-out><![CDATA[
@tag @tag1
Scenario: Positive test for put: all parameters        &amp#27;[90m# bullishtest/03_put.feature:8&amp#27;[0m
  &amp#27;[32mGiven &amp#27;[0m&amp#27;[32mI have students in the table&amp#27;[0m                   &amp#27;[90m# bullishtest.StepDefinitions.i_have_students_in_the_table()&amp#27;[0m
  &amp#27;[32mWhen &amp#27;[0m&amp#27;[32mI edit the list of students with all parameters&amp#27;[0m &amp#27;[90m# bullishtest.StepDefinitions.i_edit_the_list_of_students_with_all_parameters()&amp#27;[0m
  &amp#27;[32mThen &amp#27;[0m&amp#27;[32mI should get no error with put&amp#27;[0m                  &amp#27;[90m# bullishtest.StepDefinitions.i_should_get_no_error_with_put()&amp#27;[0m
]]></system-out>
  </testcase>
  <testcase name=": Positive test for put: extra parameters" classname="Testing PUT API" time="0.015">
    <system-out><![CDATA[
@tag @tag2
Scenario Outline: : Positive test for put: extra parameters &amp#27;[90m# bullishtest/03_put.feature:14&amp#27;[0m
  &amp#27;[32mGiven &amp#27;[0m&amp#27;[32mI have students in the table&amp#27;[0m                        &amp#27;[90m# bullishtest.StepDefinitions.i_have_students_in_the_table()&amp#27;[0m
  &amp#27;[32mWhen &amp#27;[0m&amp#27;[32mI call &amp#27;[0m&amp#27;[32m&amp#27;[1m"put"&amp#27;[0m&amp#27;[32m with extra parameters&amp#27;[0m                   &amp#27;[90m# bullishtest.StepDefinitions.i_post_put_with_extra_parameters(java.lang.String)&amp#27;[0m
  &amp#27;[32mThen &amp#27;[0m&amp#27;[32mI should get no error with put&amp#27;[0m                       &amp#27;[90m# bullishtest.StepDefinitions.i_should_get_no_error_with_put()&amp#27;[0m
]]></system-out>
  </testcase>
  <testcase name=": Positive test for put: less parameters" classname="Testing PUT API" time="0.017">
    <system-out><![CDATA[
@tag @tag3
Scenario Outline: : Positive test for put: less parameters &amp#27;[90m# bullishtest/03_put.feature:20&amp#27;[0m
  &amp#27;[32mGiven &amp#27;[0m&amp#27;[32mI have students in the table&amp#27;[0m                       &amp#27;[90m# bullishtest.StepDefinitions.i_have_students_in_the_table()&amp#27;[0m
  &amp#27;[32mWhen &amp#27;[0m&amp#27;[32mI call put with less parameters&amp#27;[0m                     &amp#27;[90m# bullishtest.StepDefinitions.i_call_put_with_less_parameters()&amp#27;[0m
  &amp#27;[32mThen &amp#27;[0m&amp#27;[32mI should get no error with put&amp#27;[0m                      &amp#27;[90m# bullishtest.StepDefinitions.i_should_get_no_error_with_put()&amp#27;[0m
]]></system-out>
  </testcase>
  <testcase name=": Negative test for put: no parameters" classname="Testing PUT API" time="0.01">
    <system-out><![CDATA[
@tag @tag4
Scenario Outline: : Negative test for put: no parameters                                           &amp#27;[90m# bullishtest/03_put.feature:26&amp#27;[0m
  &amp#27;[32mWhen &amp#27;[0m&amp#27;[32mI call &amp#27;[0m&amp#27;[32m&amp#27;[1m"put"&amp#27;[0m&amp#27;[32m with no parameters&amp#27;[0m                                                             &amp#27;[90m# bullishtest.StepDefinitions.i_post_put_with_no_parameters(java.lang.String)&amp#27;[0m
  &amp#27;[32mThen &amp#27;[0m&amp#27;[32mI should get expected error code &amp#27;[0m&amp#27;[32m&amp#27;[1m"400"&amp#27;[0m&amp#27;[32m and error message &amp#27;[0m&amp#27;[32m&amp#27;[1m"Required request body is missing"&amp#27;[0m &amp#27;[90m# bullishtest.StepDefinitions.i_should_get_expected_error(java.lang.String,java.lang.String)&amp#27;[0m
]]></system-out>
  </testcase>
  <testcase name=": Negative test for put: invalid parameters" classname="Testing PUT API" time="0.015">
    <system-out><![CDATA[
@tag @tag5
Scenario Outline: : Negative test for put: invalid parameters                       &amp#27;[90m# bullishtest/03_put.feature:31&amp#27;[0m
  &amp#27;[32mGiven &amp#27;[0m&amp#27;[32mI have students in the table&amp#27;[0m                                                &amp#27;[90m# bullishtest.StepDefinitions.i_have_students_in_the_table()&amp#27;[0m
  &amp#27;[32mWhen &amp#27;[0m&amp#27;[32mI call &amp#27;[0m&amp#27;[32m&amp#27;[1m"put"&amp#27;[0m&amp#27;[32m with invalid parameters&amp#27;[0m                                         &amp#27;[90m# bullishtest.StepDefinitions.i_post_with_invalid_parameters(java.lang.String)&amp#27;[0m
  &amp#27;[32mThen &amp#27;[0m&amp#27;[32mI should get expected error code &amp#27;[0m&amp#27;[32m&amp#27;[1m"400"&amp#27;[0m&amp#27;[32m and error message &amp#27;[0m&amp#27;[32m&amp#27;[1m"Validation failed"&amp#27;[0m &amp#27;[90m# bullishtest.StepDefinitions.i_should_get_expected_error(java.lang.String,java.lang.String)&amp#27;[0m
]]></system-out>
  </testcase>
  <testcase name="Positive test for delete: correct parameters" classname="Testing DELETE API" time="0.019">
    <system-out><![CDATA[
@tag @tag1
Scenario: Positive test for delete: correct parameters &amp#27;[90m# bullishtest/04_delete.feature:8&amp#27;[0m
  &amp#27;[32mGiven &amp#27;[0m&amp#27;[32mI have students in the table&amp#27;[0m                   &amp#27;[90m# bullishtest.StepDefinitions.i_have_students_in_the_table()&amp#27;[0m
  &amp#27;[32mWhen &amp#27;[0m&amp#27;[32mI delete with correct parameters&amp#27;[0m                &amp#27;[90m# bullishtest.StepDefinitions.i_delete_with_correct_parameters()&amp#27;[0m
  &amp#27;[32mThen &amp#27;[0m&amp#27;[32mI should get no error with delete&amp#27;[0m               &amp#27;[90m# bullishtest.StepDefinitions.i_should_get_no_error_with_delete()&amp#27;[0m
]]></system-out>
  </testcase>
  <testcase name=": Negative test for delete: no parameters" classname="Testing DELETE API" time="0.008">
    <system-out><![CDATA[
@tag @tag2
Scenario Outline: : Negative test for delete: no parameters                                        &amp#27;[90m# bullishtest/04_delete.feature:14&amp#27;[0m
  &amp#27;[32mWhen &amp#27;[0m&amp#27;[32mI call &amp#27;[0m&amp#27;[32m&amp#27;[1m"delete"&amp#27;[0m&amp#27;[32m with no parameters&amp#27;[0m                                                          &amp#27;[90m# bullishtest.StepDefinitions.i_post_put_with_no_parameters(java.lang.String)&amp#27;[0m
  &amp#27;[32mThen &amp#27;[0m&amp#27;[32mI should get expected error code &amp#27;[0m&amp#27;[32m&amp#27;[1m"400"&amp#27;[0m&amp#27;[32m and error message &amp#27;[0m&amp#27;[32m&amp#27;[1m"Required request body is missing"&amp#27;[0m &amp#27;[90m# bullishtest.StepDefinitions.i_should_get_expected_error(java.lang.String,java.lang.String)&amp#27;[0m
]]></system-out>
  </testcase>
  <testcase name=": Positive test for delete: extra parameters" classname="Testing DELETE API" time="0.015">
    <system-out><![CDATA[
@tag @tag3
Scenario Outline: : Positive test for delete: extra parameters &amp#27;[90m# bullishtest/04_delete.feature:19&amp#27;[0m
  &amp#27;[32mGiven &amp#27;[0m&amp#27;[32mI have students in the table&amp#27;[0m                           &amp#27;[90m# bullishtest.StepDefinitions.i_have_students_in_the_table()&amp#27;[0m
  &amp#27;[32mWhen &amp#27;[0m&amp#27;[32mI call &amp#27;[0m&amp#27;[32m&amp#27;[1m"delete"&amp#27;[0m&amp#27;[32m with extra parameters&amp#27;[0m                   &amp#27;[90m# bullishtest.StepDefinitions.i_post_put_with_extra_parameters(java.lang.String)&amp#27;[0m
  &amp#27;[32mThen &amp#27;[0m&amp#27;[32mI should get no error with delete&amp#27;[0m                       &amp#27;[90m# bullishtest.StepDefinitions.i_should_get_no_error_with_delete()&amp#27;[0m
]]></system-out>
  </testcase>
  <testcase name=": Negative test for delete: invalid parameters" classname="Testing DELETE API" time="0.016">
    <system-out><![CDATA[
@tag @tag4
Scenario Outline: : Negative test for delete: invalid parameters                    &amp#27;[90m# bullishtest/04_delete.feature:25&amp#27;[0m
  &amp#27;[32mGiven &amp#27;[0m&amp#27;[32mI have students in the table&amp#27;[0m                                                &amp#27;[90m# bullishtest.StepDefinitions.i_have_students_in_the_table()&amp#27;[0m
  &amp#27;[32mWhen &amp#27;[0m&amp#27;[32mI call &amp#27;[0m&amp#27;[32m&amp#27;[1m"delete"&amp#27;[0m&amp#27;[32m with invalid parameters&amp#27;[0m                                      &amp#27;[90m# bullishtest.StepDefinitions.i_post_with_invalid_parameters(java.lang.String)&amp#27;[0m
  &amp#27;[32mThen &amp#27;[0m&amp#27;[32mI should get expected error code &amp#27;[0m&amp#27;[32m&amp#27;[1m"400"&amp#27;[0m&amp#27;[32m and error message &amp#27;[0m&amp#27;[32m&amp#27;[1m"Validation failed"&amp#27;[0m &amp#27;[90m# bullishtest.StepDefinitions.i_should_get_expected_error(java.lang.String,java.lang.String)&amp#27;[0m
]]></system-out>
  </testcase>
</testsuite>